  Clock.cpp
C:\Users\79219\my_project\vogl\vogl_dll\vogl_dll\vogl\Clock.cpp(10,23): warning C4244: =: преобразование "double" в "float", возможна потеря данных
C:\Users\79219\my_project\vogl\vogl_dll\vogl_dll\vogl\Clock.cpp(15,23): warning C4244: =: преобразование "double" в "float", возможна потеря данных
  DrawObject.cpp
C:\Users\79219\my_project\vogl\vogl_dll\vogl_dll\vogl\DrawObject.h(47,89): warning C4244: аргумент: преобразование "T" в "T", возможна потеря данных
          with
          [
              T=double
          ]
          and
          [
              T=float
          ]
C:\Users\79219\my_project\vogl\vogl_dll\vogl_dll\vogl\DrawObject.h(47,77): warning C4244: аргумент: преобразование "T" в "T", возможна потеря данных
          with
          [
              T=double
          ]
          and
          [
              T=float
          ]
C:\Users\79219\my_project\vogl\vogl_dll\vogl_dll\vogl\DrawObject.h(49,66): warning C4244: аргумент: преобразование "double" в "T", возможна потеря данных
          with
          [
              T=float
          ]
C:\Users\79219\my_project\vogl\vogl_dll\vogl_dll\vogl\DrawObject.h(49,63): warning C4244: аргумент: преобразование "double" в "T", возможна потеря данных
          with
          [
              T=float
          ]
C:\Users\79219\my_project\vogl\vogl_dll\vogl_dll\vogl\DrawObject.h(55,83): warning C4244: аргумент: преобразование "T" в "T", возможна потеря данных
          with
          [
              T=double
          ]
          and
          [
              T=float
          ]
C:\Users\79219\my_project\vogl\vogl_dll\vogl_dll\vogl\DrawObject.h(55,71): warning C4244: аргумент: преобразование "T" в "T", возможна потеря данных
          with
          [
              T=double
          ]
          and
          [
              T=float
          ]
C:\Users\79219\my_project\vogl\vogl_dll\vogl_dll\vogl\DrawObject.h(57,60): warning C4244: аргумент: преобразование "double" в "T", возможна потеря данных
          with
          [
              T=float
          ]
C:\Users\79219\my_project\vogl\vogl_dll\vogl_dll\vogl\DrawObject.h(57,57): warning C4244: аргумент: преобразование "double" в "T", возможна потеря данных
          with
          [
              T=float
          ]
C:\Users\79219\my_project\vogl\vogl_dll\vogl_dll\vogl\DrawObject.h(65,86): warning C4244: аргумент: преобразование "T" в "T", возможна потеря данных
          with
          [
              T=double
          ]
          and
          [
              T=float
          ]
C:\Users\79219\my_project\vogl\vogl_dll\vogl_dll\vogl\DrawObject.h(65,77): warning C4244: аргумент: преобразование "T" в "T", возможна потеря данных
          with
          [
              T=double
          ]
          and
          [
              T=float
          ]
C:\Users\79219\my_project\vogl\vogl_dll\vogl_dll\vogl\DrawObject.h(67,72): warning C4244: аргумент: преобразование "double" в "T", возможна потеря данных
          with
          [
              T=float
          ]
C:\Users\79219\my_project\vogl\vogl_dll\vogl_dll\vogl\DrawObject.h(67,69): warning C4244: аргумент: преобразование "double" в "T", возможна потеря данных
          with
          [
              T=float
          ]
C:\Users\79219\my_project\vogl\vogl_dll\vogl_dll\vogl\DrawObject.h(73,84): warning C4244: аргумент: преобразование "T" в "T", возможна потеря данных
          with
          [
              T=double
          ]
          and
          [
              T=float
          ]
C:\Users\79219\my_project\vogl\vogl_dll\vogl_dll\vogl\DrawObject.h(73,75): warning C4244: аргумент: преобразование "T" в "T", возможна потеря данных
          with
          [
              T=double
          ]
          and
          [
              T=float
          ]
C:\Users\79219\my_project\vogl\vogl_dll\vogl_dll\vogl\DrawObject.h(75,70): warning C4244: аргумент: преобразование "double" в "T", возможна потеря данных
          with
          [
              T=float
          ]
C:\Users\79219\my_project\vogl\vogl_dll\vogl_dll\vogl\DrawObject.h(75,67): warning C4244: аргумент: преобразование "double" в "T", возможна потеря данных
          with
          [
              T=float
          ]
  Font.cpp
C:\Users\79219\my_project\vogl\vogl_dll\vogl_dll\vogl\Font.cpp(15,39): warning C4244: аргумент: преобразование "T" в "FT_UInt", возможна потеря данных
          with
          [
              T=float
          ]
C:\Users\79219\my_project\vogl\vogl_dll\vogl_dll\vogl\Font.cpp(15,31): warning C4244: аргумент: преобразование "T" в "FT_UInt", возможна потеря данных
          with
          [
              T=float
          ]
  KeyboardEvent.cpp
  Mouse.cpp
C:\Users\79219\my_project\vogl\vogl_dll\vogl_dll\vogl\Mouse.cpp(11,26): warning C4244: аргумент: преобразование "double" в "T", возможна потеря данных
          with
          [
              T=float
          ]
C:\Users\79219\my_project\vogl\vogl_dll\vogl_dll\vogl\Mouse.cpp(11,23): warning C4244: аргумент: преобразование "double" в "T", возможна потеря данных
          with
          [
              T=float
          ]
C:\Users\79219\my_project\vogl\vogl_dll\vogl_dll\vogl\Mouse.cpp(16,35): warning C4244: аргумент: преобразование "double" в "T", возможна потеря данных
          with
          [
              T=float
          ]
C:\Users\79219\my_project\vogl\vogl_dll\vogl_dll\vogl\Mouse.cpp(16,26): warning C4244: аргумент: преобразование "double" в "T", возможна потеря данных
          with
          [
              T=float
          ]
  Rectangle.cpp
C:\Users\79219\my_project\vogl\vogl_dll\vogl_dll\vogl\DrawObject.h(47,89): warning C4244: аргумент: преобразование "T" в "T", возможна потеря данных
          with
          [
              T=double
          ]
          and
          [
              T=float
          ]
C:\Users\79219\my_project\vogl\vogl_dll\vogl_dll\vogl\DrawObject.h(47,77): warning C4244: аргумент: преобразование "T" в "T", возможна потеря данных
          with
          [
              T=double
          ]
          and
          [
              T=float
          ]
C:\Users\79219\my_project\vogl\vogl_dll\vogl_dll\vogl\DrawObject.h(49,66): warning C4244: аргумент: преобразование "double" в "T", возможна потеря данных
          with
          [
              T=float
          ]
C:\Users\79219\my_project\vogl\vogl_dll\vogl_dll\vogl\DrawObject.h(49,63): warning C4244: аргумент: преобразование "double" в "T", возможна потеря данных
          with
          [
              T=float
          ]
C:\Users\79219\my_project\vogl\vogl_dll\vogl_dll\vogl\DrawObject.h(55,83): warning C4244: аргумент: преобразование "T" в "T", возможна потеря данных
          with
          [
              T=double
          ]
          and
          [
              T=float
          ]
C:\Users\79219\my_project\vogl\vogl_dll\vogl_dll\vogl\DrawObject.h(55,71): warning C4244: аргумент: преобразование "T" в "T", возможна потеря данных
          with
          [
              T=double
          ]
          and
          [
              T=float
          ]
C:\Users\79219\my_project\vogl\vogl_dll\vogl_dll\vogl\DrawObject.h(57,60): warning C4244: аргумент: преобразование "double" в "T", возможна потеря данных
          with
          [
              T=float
          ]
C:\Users\79219\my_project\vogl\vogl_dll\vogl_dll\vogl\DrawObject.h(57,57): warning C4244: аргумент: преобразование "double" в "T", возможна потеря данных
          with
          [
              T=float
          ]
C:\Users\79219\my_project\vogl\vogl_dll\vogl_dll\vogl\DrawObject.h(65,86): warning C4244: аргумент: преобразование "T" в "T", возможна потеря данных
          with
          [
              T=double
          ]
          and
          [
              T=float
          ]
C:\Users\79219\my_project\vogl\vogl_dll\vogl_dll\vogl\DrawObject.h(65,77): warning C4244: аргумент: преобразование "T" в "T", возможна потеря данных
          with
          [
              T=double
          ]
          and
          [
              T=float
          ]
C:\Users\79219\my_project\vogl\vogl_dll\vogl_dll\vogl\DrawObject.h(67,72): warning C4244: аргумент: преобразование "double" в "T", возможна потеря данных
          with
          [
              T=float
          ]
C:\Users\79219\my_project\vogl\vogl_dll\vogl_dll\vogl\DrawObject.h(67,69): warning C4244: аргумент: преобразование "double" в "T", возможна потеря данных
          with
          [
              T=float
          ]
C:\Users\79219\my_project\vogl\vogl_dll\vogl_dll\vogl\DrawObject.h(73,84): warning C4244: аргумент: преобразование "T" в "T", возможна потеря данных
          with
          [
              T=double
          ]
          and
          [
              T=float
          ]
C:\Users\79219\my_project\vogl\vogl_dll\vogl_dll\vogl\DrawObject.h(73,75): warning C4244: аргумент: преобразование "T" в "T", возможна потеря данных
          with
          [
              T=double
          ]
          and
          [
              T=float
          ]
C:\Users\79219\my_project\vogl\vogl_dll\vogl_dll\vogl\DrawObject.h(75,70): warning C4244: аргумент: преобразование "double" в "T", возможна потеря данных
          with
          [
              T=float
          ]
C:\Users\79219\my_project\vogl\vogl_dll\vogl_dll\vogl\DrawObject.h(75,67): warning C4244: аргумент: преобразование "double" в "T", возможна потеря данных
          with
          [
              T=float
          ]
C:\Users\79219\my_project\vogl\vogl_dll\vogl_dll\vogl\RectangleType.h(16,80): warning C4244: аргумент: преобразование "T" в "T", возможна потеря данных
          with
          [
              T=double
          ]
          and
          [
              T=float
          ]
C:\Users\79219\my_project\vogl\vogl_dll\vogl_dll\vogl\RectangleType.h(16,72): warning C4244: аргумент: преобразование "T" в "T", возможна потеря данных
          with
          [
              T=double
          ]
          and
          [
              T=float
          ]
C:\Users\79219\my_project\vogl\vogl_dll\vogl_dll\vogl\RectangleType.h(18,69): warning C4244: аргумент: преобразование "double" в "T", возможна потеря данных
          with
          [
              T=float
          ]
C:\Users\79219\my_project\vogl\vogl_dll\vogl_dll\vogl\RectangleType.h(18,66): warning C4244: аргумент: преобразование "double" в "T", возможна потеря данных
          with
          [
              T=float
          ]
  RenderWindow.cpp
C:\Users\79219\my_project\vogl\vogl_dll\vogl_dll\vogl\DrawObject.h(47,89): warning C4244: аргумент: преобразование "T" в "T", возможна потеря данных
          with
          [
              T=double
          ]
          and
          [
              T=float
          ]
C:\Users\79219\my_project\vogl\vogl_dll\vogl_dll\vogl\DrawObject.h(47,77): warning C4244: аргумент: преобразование "T" в "T", возможна потеря данных
          with
          [
              T=double
          ]
          and
          [
              T=float
          ]
C:\Users\79219\my_project\vogl\vogl_dll\vogl_dll\vogl\DrawObject.h(49,66): warning C4244: аргумент: преобразование "double" в "T", возможна потеря данных
          with
          [
              T=float
          ]
C:\Users\79219\my_project\vogl\vogl_dll\vogl_dll\vogl\DrawObject.h(49,63): warning C4244: аргумент: преобразование "double" в "T", возможна потеря данных
          with
          [
              T=float
          ]
C:\Users\79219\my_project\vogl\vogl_dll\vogl_dll\vogl\DrawObject.h(55,83): warning C4244: аргумент: преобразование "T" в "T", возможна потеря данных
          with
          [
              T=double
          ]
          and
          [
              T=float
          ]
C:\Users\79219\my_project\vogl\vogl_dll\vogl_dll\vogl\DrawObject.h(55,71): warning C4244: аргумент: преобразование "T" в "T", возможна потеря данных
          with
          [
              T=double
          ]
          and
          [
              T=float
          ]
C:\Users\79219\my_project\vogl\vogl_dll\vogl_dll\vogl\DrawObject.h(57,60): warning C4244: аргумент: преобразование "double" в "T", возможна потеря данных
          with
          [
              T=float
          ]
C:\Users\79219\my_project\vogl\vogl_dll\vogl_dll\vogl\DrawObject.h(57,57): warning C4244: аргумент: преобразование "double" в "T", возможна потеря данных
          with
          [
              T=float
          ]
C:\Users\79219\my_project\vogl\vogl_dll\vogl_dll\vogl\DrawObject.h(65,86): warning C4244: аргумент: преобразование "T" в "T", возможна потеря данных
          with
          [
              T=double
          ]
          and
          [
              T=float
          ]
C:\Users\79219\my_project\vogl\vogl_dll\vogl_dll\vogl\DrawObject.h(65,77): warning C4244: аргумент: преобразование "T" в "T", возможна потеря данных
          with
          [
              T=double
          ]
          and
          [
              T=float
          ]
C:\Users\79219\my_project\vogl\vogl_dll\vogl_dll\vogl\DrawObject.h(67,72): warning C4244: аргумент: преобразование "double" в "T", возможна потеря данных
          with
          [
              T=float
          ]
C:\Users\79219\my_project\vogl\vogl_dll\vogl_dll\vogl\DrawObject.h(67,69): warning C4244: аргумент: преобразование "double" в "T", возможна потеря данных
          with
          [
              T=float
          ]
C:\Users\79219\my_project\vogl\vogl_dll\vogl_dll\vogl\DrawObject.h(73,84): warning C4244: аргумент: преобразование "T" в "T", возможна потеря данных
          with
          [
              T=double
          ]
          and
          [
              T=float
          ]
C:\Users\79219\my_project\vogl\vogl_dll\vogl_dll\vogl\DrawObject.h(73,75): warning C4244: аргумент: преобразование "T" в "T", возможна потеря данных
          with
          [
              T=double
          ]
          and
          [
              T=float
          ]
C:\Users\79219\my_project\vogl\vogl_dll\vogl_dll\vogl\DrawObject.h(75,70): warning C4244: аргумент: преобразование "double" в "T", возможна потеря данных
          with
          [
              T=float
          ]
C:\Users\79219\my_project\vogl\vogl_dll\vogl_dll\vogl\DrawObject.h(75,67): warning C4244: аргумент: преобразование "double" в "T", возможна потеря данных
          with
          [
              T=float
          ]
C:\Users\79219\my_project\vogl\vogl_dll\vogl_dll\vogl\RectangleType.h(16,80): warning C4244: аргумент: преобразование "T" в "T", возможна потеря данных
          with
          [
              T=double
          ]
          and
          [
              T=float
          ]
C:\Users\79219\my_project\vogl\vogl_dll\vogl_dll\vogl\RectangleType.h(16,72): warning C4244: аргумент: преобразование "T" в "T", возможна потеря данных
          with
          [
              T=double
          ]
          and
          [
              T=float
          ]
C:\Users\79219\my_project\vogl\vogl_dll\vogl_dll\vogl\RectangleType.h(18,69): warning C4244: аргумент: преобразование "double" в "T", возможна потеря данных
          with
          [
              T=float
          ]
C:\Users\79219\my_project\vogl\vogl_dll\vogl_dll\vogl\RectangleType.h(18,66): warning C4244: аргумент: преобразование "double" в "T", возможна потеря данных
          with
          [
              T=float
          ]
C:\Users\79219\my_project\vogl\vogl_dll\vogl_dll\vogl\RenderWindow.h(18,20): warning C4251: vogl::WindowSettings::settings: class "std::vector<int,std::allocator<int>>" должен иметь dll-интерфейс для использования клиентами struct "vogl::WindowSettings"
C:\Users\79219\my_project\vogl\vogl_dll\vogl_dll\vogl\RenderWindow.h(18,8): message : см. объявление "std::vector<int,std::allocator<int>>"
C:\Users\79219\my_project\vogl\vogl_dll\vogl_dll\vogl\RenderWindow.cpp(20,23): warning C4244: аргумент: преобразование "float" в "int", возможна потеря данных
C:\Users\79219\my_project\vogl\vogl_dll\vogl_dll\vogl\RenderWindow.cpp(97,58): warning C4244: аргумент: преобразование "const T" в "T", возможна потеря данных
          with
          [
              T=int
          ]
          and
          [
              T=float
          ]
C:\Users\79219\my_project\vogl\vogl_dll\vogl_dll\vogl\RenderWindow.cpp(97,50): warning C4244: аргумент: преобразование "const T" в "T", возможна потеря данных
          with
          [
              T=int
          ]
          and
          [
              T=float
          ]
C:\Users\79219\my_project\vogl\vogl_dll\vogl_dll\vogl\RenderWindow.cpp(105,58): warning C4244: аргумент: преобразование "const T" в "T", возможна потеря данных
          with
          [
              T=int
          ]
          and
          [
              T=float
          ]
C:\Users\79219\my_project\vogl\vogl_dll\vogl_dll\vogl\RenderWindow.cpp(105,50): warning C4244: аргумент: преобразование "const T" в "T", возможна потеря данных
          with
          [
              T=int
          ]
          and
          [
              T=float
          ]
  Shader.cpp
  ShaderShape.cpp
C:\Users\79219\my_project\vogl\vogl_dll\vogl_dll\vogl\DrawObject.h(47,89): warning C4244: аргумент: преобразование "T" в "T", возможна потеря данных
          with
          [
              T=double
          ]
          and
          [
              T=float
          ]
C:\Users\79219\my_project\vogl\vogl_dll\vogl_dll\vogl\DrawObject.h(47,77): warning C4244: аргумент: преобразование "T" в "T", возможна потеря данных
          with
          [
              T=double
          ]
          and
          [
              T=float
          ]
C:\Users\79219\my_project\vogl\vogl_dll\vogl_dll\vogl\DrawObject.h(49,66): warning C4244: аргумент: преобразование "double" в "T", возможна потеря данных
          with
          [
              T=float
          ]
C:\Users\79219\my_project\vogl\vogl_dll\vogl_dll\vogl\DrawObject.h(49,63): warning C4244: аргумент: преобразование "double" в "T", возможна потеря данных
          with
          [
              T=float
          ]
C:\Users\79219\my_project\vogl\vogl_dll\vogl_dll\vogl\DrawObject.h(55,83): warning C4244: аргумент: преобразование "T" в "T", возможна потеря данных
          with
          [
              T=double
          ]
          and
          [
              T=float
          ]
C:\Users\79219\my_project\vogl\vogl_dll\vogl_dll\vogl\DrawObject.h(55,71): warning C4244: аргумент: преобразование "T" в "T", возможна потеря данных
          with
          [
              T=double
          ]
          and
          [
              T=float
          ]
C:\Users\79219\my_project\vogl\vogl_dll\vogl_dll\vogl\DrawObject.h(57,60): warning C4244: аргумент: преобразование "double" в "T", возможна потеря данных
          with
          [
              T=float
          ]
C:\Users\79219\my_project\vogl\vogl_dll\vogl_dll\vogl\DrawObject.h(57,57): warning C4244: аргумент: преобразование "double" в "T", возможна потеря данных
          with
          [
              T=float
          ]
C:\Users\79219\my_project\vogl\vogl_dll\vogl_dll\vogl\DrawObject.h(65,86): warning C4244: аргумент: преобразование "T" в "T", возможна потеря данных
          with
          [
              T=double
          ]
          and
          [
              T=float
          ]
C:\Users\79219\my_project\vogl\vogl_dll\vogl_dll\vogl\DrawObject.h(65,77): warning C4244: аргумент: преобразование "T" в "T", возможна потеря данных
          with
          [
              T=double
          ]
          and
          [
              T=float
          ]
C:\Users\79219\my_project\vogl\vogl_dll\vogl_dll\vogl\DrawObject.h(67,72): warning C4244: аргумент: преобразование "double" в "T", возможна потеря данных
          with
          [
              T=float
          ]
C:\Users\79219\my_project\vogl\vogl_dll\vogl_dll\vogl\DrawObject.h(67,69): warning C4244: аргумент: преобразование "double" в "T", возможна потеря данных
          with
          [
              T=float
          ]
C:\Users\79219\my_project\vogl\vogl_dll\vogl_dll\vogl\DrawObject.h(73,84): warning C4244: аргумент: преобразование "T" в "T", возможна потеря данных
          with
          [
              T=double
          ]
          and
          [
              T=float
          ]
C:\Users\79219\my_project\vogl\vogl_dll\vogl_dll\vogl\DrawObject.h(73,75): warning C4244: аргумент: преобразование "T" в "T", возможна потеря данных
          with
          [
              T=double
          ]
          and
          [
              T=float
          ]
C:\Users\79219\my_project\vogl\vogl_dll\vogl_dll\vogl\DrawObject.h(75,70): warning C4244: аргумент: преобразование "double" в "T", возможна потеря данных
          with
          [
              T=float
          ]
C:\Users\79219\my_project\vogl\vogl_dll\vogl_dll\vogl\DrawObject.h(75,67): warning C4244: аргумент: преобразование "double" в "T", возможна потеря данных
          with
          [
              T=float
          ]
C:\Users\79219\my_project\vogl\vogl_dll\vogl_dll\vogl\RectangleType.h(16,80): warning C4244: аргумент: преобразование "T" в "T", возможна потеря данных
          with
          [
              T=double
          ]
          and
          [
              T=float
          ]
C:\Users\79219\my_project\vogl\vogl_dll\vogl_dll\vogl\RectangleType.h(16,72): warning C4244: аргумент: преобразование "T" в "T", возможна потеря данных
          with
          [
              T=double
          ]
          and
          [
              T=float
          ]
C:\Users\79219\my_project\vogl\vogl_dll\vogl_dll\vogl\RectangleType.h(18,69): warning C4244: аргумент: преобразование "double" в "T", возможна потеря данных
          with
          [
              T=float
          ]
C:\Users\79219\my_project\vogl\vogl_dll\vogl_dll\vogl\RectangleType.h(18,66): warning C4244: аргумент: преобразование "double" в "T", возможна потеря данных
          with
          [
              T=float
          ]
  ShaderTool.cpp
  Sprite.cpp
C:\Users\79219\my_project\vogl\vogl_dll\vogl_dll\vogl\DrawObject.h(47,89): warning C4244: аргумент: преобразование "T" в "T", возможна потеря данных
          with
          [
              T=double
          ]
          and
          [
              T=float
          ]
C:\Users\79219\my_project\vogl\vogl_dll\vogl_dll\vogl\DrawObject.h(47,77): warning C4244: аргумент: преобразование "T" в "T", возможна потеря данных
          with
          [
              T=double
          ]
          and
          [
              T=float
          ]
C:\Users\79219\my_project\vogl\vogl_dll\vogl_dll\vogl\DrawObject.h(49,66): warning C4244: аргумент: преобразование "double" в "T", возможна потеря данных
          with
          [
              T=float
          ]
C:\Users\79219\my_project\vogl\vogl_dll\vogl_dll\vogl\DrawObject.h(49,63): warning C4244: аргумент: преобразование "double" в "T", возможна потеря данных
          with
          [
              T=float
          ]
C:\Users\79219\my_project\vogl\vogl_dll\vogl_dll\vogl\DrawObject.h(55,83): warning C4244: аргумент: преобразование "T" в "T", возможна потеря данных
          with
          [
              T=double
          ]
          and
          [
              T=float
          ]
C:\Users\79219\my_project\vogl\vogl_dll\vogl_dll\vogl\DrawObject.h(55,71): warning C4244: аргумент: преобразование "T" в "T", возможна потеря данных
          with
          [
              T=double
          ]
          and
          [
              T=float
          ]
C:\Users\79219\my_project\vogl\vogl_dll\vogl_dll\vogl\DrawObject.h(57,60): warning C4244: аргумент: преобразование "double" в "T", возможна потеря данных
          with
          [
              T=float
          ]
C:\Users\79219\my_project\vogl\vogl_dll\vogl_dll\vogl\DrawObject.h(57,57): warning C4244: аргумент: преобразование "double" в "T", возможна потеря данных
          with
          [
              T=float
          ]
C:\Users\79219\my_project\vogl\vogl_dll\vogl_dll\vogl\DrawObject.h(65,86): warning C4244: аргумент: преобразование "T" в "T", возможна потеря данных
          with
          [
              T=double
          ]
          and
          [
              T=float
          ]
C:\Users\79219\my_project\vogl\vogl_dll\vogl_dll\vogl\DrawObject.h(65,77): warning C4244: аргумент: преобразование "T" в "T", возможна потеря данных
          with
          [
              T=double
          ]
          and
          [
              T=float
          ]
C:\Users\79219\my_project\vogl\vogl_dll\vogl_dll\vogl\DrawObject.h(67,72): warning C4244: аргумент: преобразование "double" в "T", возможна потеря данных
          with
          [
              T=float
          ]
C:\Users\79219\my_project\vogl\vogl_dll\vogl_dll\vogl\DrawObject.h(67,69): warning C4244: аргумент: преобразование "double" в "T", возможна потеря данных
          with
          [
              T=float
          ]
C:\Users\79219\my_project\vogl\vogl_dll\vogl_dll\vogl\DrawObject.h(73,84): warning C4244: аргумент: преобразование "T" в "T", возможна потеря данных
          with
          [
              T=double
          ]
          and
          [
              T=float
          ]
C:\Users\79219\my_project\vogl\vogl_dll\vogl_dll\vogl\DrawObject.h(73,75): warning C4244: аргумент: преобразование "T" в "T", возможна потеря данных
          with
          [
              T=double
          ]
          and
          [
              T=float
          ]
C:\Users\79219\my_project\vogl\vogl_dll\vogl_dll\vogl\DrawObject.h(75,70): warning C4244: аргумент: преобразование "double" в "T", возможна потеря данных
          with
          [
              T=float
          ]
C:\Users\79219\my_project\vogl\vogl_dll\vogl_dll\vogl\DrawObject.h(75,67): warning C4244: аргумент: преобразование "double" в "T", возможна потеря данных
          with
          [
              T=float
          ]
C:\Users\79219\my_project\vogl\vogl_dll\vogl_dll\vogl\RectangleType.h(16,80): warning C4244: аргумент: преобразование "T" в "T", возможна потеря данных
          with
          [
              T=double
          ]
          and
          [
              T=float
          ]
C:\Users\79219\my_project\vogl\vogl_dll\vogl_dll\vogl\RectangleType.h(16,72): warning C4244: аргумент: преобразование "T" в "T", возможна потеря данных
          with
          [
              T=double
          ]
          and
          [
              T=float
          ]
C:\Users\79219\my_project\vogl\vogl_dll\vogl_dll\vogl\RectangleType.h(18,69): warning C4244: аргумент: преобразование "double" в "T", возможна потеря данных
          with
          [
              T=float
          ]
C:\Users\79219\my_project\vogl\vogl_dll\vogl_dll\vogl\RectangleType.h(18,66): warning C4244: аргумент: преобразование "double" в "T", возможна потеря данных
          with
          [
              T=float
          ]
C:\Users\79219\my_project\vogl\vogl_dll\vogl_dll\vogl\Sprite.cpp(19,58): warning C4244: аргумент: преобразование "T" в "T", возможна потеря данных
          with
          [
              T=int
          ]
          and
          [
              T=float
          ]
C:\Users\79219\my_project\vogl\vogl_dll\vogl_dll\vogl\Sprite.cpp(19,42): warning C4244: аргумент: преобразование "T" в "T", возможна потеря данных
          with
          [
              T=int
          ]
          and
          [
              T=float
          ]
  Text.cpp
C:\Users\79219\my_project\vogl\vogl_dll\vogl_dll\vogl\DrawObject.h(47,89): warning C4244: аргумент: преобразование "T" в "T", возможна потеря данных
          with
          [
              T=double
          ]
          and
          [
              T=float
          ]
C:\Users\79219\my_project\vogl\vogl_dll\vogl_dll\vogl\DrawObject.h(47,77): warning C4244: аргумент: преобразование "T" в "T", возможна потеря данных
          with
          [
              T=double
          ]
          and
          [
              T=float
          ]
C:\Users\79219\my_project\vogl\vogl_dll\vogl_dll\vogl\DrawObject.h(49,66): warning C4244: аргумент: преобразование "double" в "T", возможна потеря данных
          with
          [
              T=float
          ]
C:\Users\79219\my_project\vogl\vogl_dll\vogl_dll\vogl\DrawObject.h(49,63): warning C4244: аргумент: преобразование "double" в "T", возможна потеря данных
          with
          [
              T=float
          ]
C:\Users\79219\my_project\vogl\vogl_dll\vogl_dll\vogl\DrawObject.h(55,83): warning C4244: аргумент: преобразование "T" в "T", возможна потеря данных
          with
          [
              T=double
          ]
          and
          [
              T=float
          ]
C:\Users\79219\my_project\vogl\vogl_dll\vogl_dll\vogl\DrawObject.h(55,71): warning C4244: аргумент: преобразование "T" в "T", возможна потеря данных
          with
          [
              T=double
          ]
          and
          [
              T=float
          ]
C:\Users\79219\my_project\vogl\vogl_dll\vogl_dll\vogl\DrawObject.h(57,60): warning C4244: аргумент: преобразование "double" в "T", возможна потеря данных
          with
          [
              T=float
          ]
C:\Users\79219\my_project\vogl\vogl_dll\vogl_dll\vogl\DrawObject.h(57,57): warning C4244: аргумент: преобразование "double" в "T", возможна потеря данных
          with
          [
              T=float
          ]
C:\Users\79219\my_project\vogl\vogl_dll\vogl_dll\vogl\DrawObject.h(65,86): warning C4244: аргумент: преобразование "T" в "T", возможна потеря данных
          with
          [
              T=double
          ]
          and
          [
              T=float
          ]
C:\Users\79219\my_project\vogl\vogl_dll\vogl_dll\vogl\DrawObject.h(65,77): warning C4244: аргумент: преобразование "T" в "T", возможна потеря данных
          with
          [
              T=double
          ]
          and
          [
              T=float
          ]
C:\Users\79219\my_project\vogl\vogl_dll\vogl_dll\vogl\DrawObject.h(67,72): warning C4244: аргумент: преобразование "double" в "T", возможна потеря данных
          with
          [
              T=float
          ]
C:\Users\79219\my_project\vogl\vogl_dll\vogl_dll\vogl\DrawObject.h(67,69): warning C4244: аргумент: преобразование "double" в "T", возможна потеря данных
          with
          [
              T=float
          ]
C:\Users\79219\my_project\vogl\vogl_dll\vogl_dll\vogl\DrawObject.h(73,84): warning C4244: аргумент: преобразование "T" в "T", возможна потеря данных
          with
          [
              T=double
          ]
          and
          [
              T=float
          ]
C:\Users\79219\my_project\vogl\vogl_dll\vogl_dll\vogl\DrawObject.h(73,75): warning C4244: аргумент: преобразование "T" в "T", возможна потеря данных
          with
          [
              T=double
          ]
          and
          [
              T=float
          ]
C:\Users\79219\my_project\vogl\vogl_dll\vogl_dll\vogl\DrawObject.h(75,70): warning C4244: аргумент: преобразование "double" в "T", возможна потеря данных
          with
          [
              T=float
          ]
C:\Users\79219\my_project\vogl\vogl_dll\vogl_dll\vogl\DrawObject.h(75,67): warning C4244: аргумент: преобразование "double" в "T", возможна потеря данных
          with
          [
              T=float
          ]
C:\Users\79219\my_project\vogl\vogl_dll\vogl_dll\vogl\RectangleType.h(16,80): warning C4244: аргумент: преобразование "T" в "T", возможна потеря данных
          with
          [
              T=double
          ]
          and
          [
              T=float
          ]
C:\Users\79219\my_project\vogl\vogl_dll\vogl_dll\vogl\RectangleType.h(16,72): warning C4244: аргумент: преобразование "T" в "T", возможна потеря данных
          with
          [
              T=double
          ]
          and
          [
              T=float
          ]
C:\Users\79219\my_project\vogl\vogl_dll\vogl_dll\vogl\RectangleType.h(18,69): warning C4244: аргумент: преобразование "double" в "T", возможна потеря данных
          with
          [
              T=float
          ]
C:\Users\79219\my_project\vogl\vogl_dll\vogl_dll\vogl\RectangleType.h(18,66): warning C4244: аргумент: преобразование "double" в "T", возможна потеря данных
          with
          [
              T=float
          ]
C:\Users\79219\my_project\vogl\vogl_dll\vogl_dll\vogl\Text.h(29,16): warning C4251: vogl::Text::string: class "std::basic_string<wchar_t,std::char_traits<wchar_t>,std::allocator<wchar_t>>" должен иметь dll-интерфейс для использования клиентами class "vogl::Text"
C:\Program Files\Microsoft Visual Studio\2022\Community\VC\Tools\MSVC\14.36.32532\include\xstring(5156,29): message : см. объявление "std::basic_string<wchar_t,std::char_traits<wchar_t>,std::allocator<wchar_t>>"
C:\Users\79219\my_project\vogl\vogl_dll\vogl_dll\vogl\Text.cpp(25,39): warning C4244: аргумент: преобразование "T" в "FT_UInt", возможна потеря данных
          with
          [
              T=float
          ]
C:\Users\79219\my_project\vogl\vogl_dll\vogl_dll\vogl\Text.cpp(25,31): warning C4244: аргумент: преобразование "T" в "FT_UInt", возможна потеря данных
          with
          [
              T=float
          ]
C:\Users\79219\my_project\vogl\vogl_dll\vogl_dll\vogl\Text.cpp(73,41): warning C4244: =: преобразование "unsigned int" в "float", возможна потеря данных
  Texture.cpp
  Tools.cpp
  View.cpp
C:\Users\79219\my_project\vogl\vogl_dll\vogl_dll\vogl\View.cpp(62,6): warning C4804: <: небезопасное использование типа "bool" в операции
  Создание кода...
glew32s.lib(glew.obj) : warning LNK4099: "" PDB не найден с "glew32s.lib(glew.obj)" или на ""; компоновка объекта выполняется как при отсутствии отладочных данных
freetype.lib(ftinit.obj) : warning LNK4099: "" PDB не найден с "freetype.lib(ftinit.obj)" или на ""; компоновка объекта выполняется как при отсутствии отладочных данных
freetype.lib(ftbase.obj) : warning LNK4099: "" PDB не найден с "freetype.lib(ftbase.obj)" или на ""; компоновка объекта выполняется как при отсутствии отладочных данных
freetype.lib(autofit.obj) : warning LNK4099: "" PDB не найден с "freetype.lib(autofit.obj)" или на ""; компоновка объекта выполняется как при отсутствии отладочных данных
freetype.lib(truetype.obj) : warning LNK4099: "" PDB не найден с "freetype.lib(truetype.obj)" или на ""; компоновка объекта выполняется как при отсутствии отладочных данных
freetype.lib(type1.obj) : warning LNK4099: "" PDB не найден с "freetype.lib(type1.obj)" или на ""; компоновка объекта выполняется как при отсутствии отладочных данных
freetype.lib(cff.obj) : warning LNK4099: "" PDB не найден с "freetype.lib(cff.obj)" или на ""; компоновка объекта выполняется как при отсутствии отладочных данных
freetype.lib(type1cid.obj) : warning LNK4099: "" PDB не найден с "freetype.lib(type1cid.obj)" или на ""; компоновка объекта выполняется как при отсутствии отладочных данных
freetype.lib(pfr.obj) : warning LNK4099: "" PDB не найден с "freetype.lib(pfr.obj)" или на ""; компоновка объекта выполняется как при отсутствии отладочных данных
freetype.lib(type42.obj) : warning LNK4099: "" PDB не найден с "freetype.lib(type42.obj)" или на ""; компоновка объекта выполняется как при отсутствии отладочных данных
freetype.lib(winfnt.obj) : warning LNK4099: "" PDB не найден с "freetype.lib(winfnt.obj)" или на ""; компоновка объекта выполняется как при отсутствии отладочных данных
freetype.lib(pcf.obj) : warning LNK4099: "" PDB не найден с "freetype.lib(pcf.obj)" или на ""; компоновка объекта выполняется как при отсутствии отладочных данных
freetype.lib(bdf.obj) : warning LNK4099: "" PDB не найден с "freetype.lib(bdf.obj)" или на ""; компоновка объекта выполняется как при отсутствии отладочных данных
freetype.lib(psaux.obj) : warning LNK4099: "" PDB не найден с "freetype.lib(psaux.obj)" или на ""; компоновка объекта выполняется как при отсутствии отладочных данных
freetype.lib(psmodule.obj) : warning LNK4099: "" PDB не найден с "freetype.lib(psmodule.obj)" или на ""; компоновка объекта выполняется как при отсутствии отладочных данных
freetype.lib(pshinter.obj) : warning LNK4099: "" PDB не найден с "freetype.lib(pshinter.obj)" или на ""; компоновка объекта выполняется как при отсутствии отладочных данных
freetype.lib(sfnt.obj) : warning LNK4099: "" PDB не найден с "freetype.lib(sfnt.obj)" или на ""; компоновка объекта выполняется как при отсутствии отладочных данных
freetype.lib(smooth.obj) : warning LNK4099: "" PDB не найден с "freetype.lib(smooth.obj)" или на ""; компоновка объекта выполняется как при отсутствии отладочных данных
freetype.lib(raster.obj) : warning LNK4099: "" PDB не найден с "freetype.lib(raster.obj)" или на ""; компоновка объекта выполняется как при отсутствии отладочных данных
freetype.lib(sdf.obj) : warning LNK4099: "" PDB не найден с "freetype.lib(sdf.obj)" или на ""; компоновка объекта выполняется как при отсутствии отладочных данных
freetype.lib(svg.obj) : warning LNK4099: "" PDB не найден с "freetype.lib(svg.obj)" или на ""; компоновка объекта выполняется как при отсутствии отладочных данных
freetype.lib(ftsystem.obj) : warning LNK4099: "" PDB не найден с "freetype.lib(ftsystem.obj)" или на ""; компоновка объекта выполняется как при отсутствии отладочных данных
freetype.lib(ftgzip.obj) : warning LNK4099: "" PDB не найден с "freetype.lib(ftgzip.obj)" или на ""; компоновка объекта выполняется как при отсутствии отладочных данных
freetype.lib(ftlzw.obj) : warning LNK4099: "" PDB не найден с "freetype.lib(ftlzw.obj)" или на ""; компоновка объекта выполняется как при отсутствии отладочных данных
freetype.lib(ftbitmap.obj) : warning LNK4099: "" PDB не найден с "freetype.lib(ftbitmap.obj)" или на ""; компоновка объекта выполняется как при отсутствии отладочных данных
freetype.lib(ftdebug.obj) : warning LNK4099: "" PDB не найден с "freetype.lib(ftdebug.obj)" или на ""; компоновка объекта выполняется как при отсутствии отладочных данных
     Создается библиотека C:\Users\79219\my_project\vogl\vogl_dll\x64\Debug\vogl_dll.lib и объект C:\Users\79219\my_project\vogl\vogl_dll\x64\Debug\vogl_dll.exp
LINK : warning LNK4098: библиотека по умолчанию "LIBCMT" конфликтует с использованием других библиотек; используйте /NODEFAULTLIB:library
LINK : warning LNK4098: библиотека по умолчанию "MSVCRT" конфликтует с использованием других библиотек; используйте /NODEFAULTLIB:library
  vogl_dll.vcxproj -> C:\Users\79219\my_project\vogl\vogl_dll\x64\Debug\vogl_dll.dll
